13:04:36,317 INFO  ~ Starting C:\Users\Maulik\git\traffic-tools\traffic-engine
13:04:36,322 ERROR ~ Module repository will not be loaded because C:\home\kpw\.m2\repository does not exist
13:04:37,339 WARN  ~ You're running Play! in DEV mode
13:04:37,961 INFO  ~ Listening for HTTP on port 9001 (Waiting a first request to start) ...
13:05:48,264 ERROR ~ 

@6iifmc73c
Internal Server Error (500) for request GET /

Compilation error (In /app/models/MongoClient.java around line 6)
The file /app/models/MongoClient.java could not be compiled. Error raised is : com.mongodb.DB cannot be resolved

play.exceptions.CompilationException: com.mongodb.DB cannot be resolved
	at play.classloading.ApplicationCompiler$2.acceptResult(ApplicationCompiler.java:246)
	at org.eclipse.jdt.internal.compiler.Compiler.handleInternalException(Compiler.java:676)
	at org.eclipse.jdt.internal.compiler.Compiler.compile(Compiler.java:520)
	at play.classloading.ApplicationCompiler.compile(ApplicationCompiler.java:282)
	at play.classloading.ApplicationClassloader.getAllClasses(ApplicationClassloader.java:426)
	at play.Play.start(Play.java:516)
	at play.Play.detectChanges(Play.java:630)
	at play.Invoker$Invocation.init(Invoker.java:198)
	at Invocation.HTTP Request(Play!)
13:07:33,885 INFO  ~ Starting C:\Users\Maulik\git\traffic-tools\traffic-engine
13:07:33,890 ERROR ~ Module repository will not be loaded because C:\home\kpw\.m2\repository does not exist
13:07:34,570 WARN  ~ You're running Play! in DEV mode
13:07:34,672 INFO  ~ Listening for HTTP on port 9001 (Waiting a first request to start) ...
13:07:44,994 INFO  ~ Connected to jdbc:postgresql://127.0.0.1/nyc_stats
13:07:48,276 INFO  ~ Application 'traffic-engine' is now started !
13:07:48,906 INFO  ~ Loading graph: data/graphs/nyc/
13:07:49,806 ERROR ~ 

@6iifmjaeg
Error during job execution (jobs.QueueSubscriberJob)

Execution exception (In /app/jobs/QueueSubscriberJob.java around line 32)
JedisConnectionException occured : Could not get a resource from the pool

play.exceptions.JavaExecutionException: Could not get a resource from the pool
	at play.jobs.Job.call(Job.java:155)
	at java.util.concurrent.FutureTask$Sync.innerRun(FutureTask.java:303)
	at java.util.concurrent.FutureTask.run(FutureTask.java:138)
	at java.util.concurrent.ScheduledThreadPoolExecutor$ScheduledFutureTask.access$301(ScheduledThreadPoolExecutor.java:98)
	at java.util.concurrent.ScheduledThreadPoolExecutor$ScheduledFutureTask.run(ScheduledThreadPoolExecutor.java:206)
	at java.util.concurrent.ThreadPoolExecutor$Worker.runTask(ThreadPoolExecutor.java:895)
	at java.util.concurrent.ThreadPoolExecutor$Worker.run(ThreadPoolExecutor.java:918)
	at java.lang.Thread.run(Thread.java:662)
Caused by: redis.clients.jedis.exceptions.JedisConnectionException: Could not get a resource from the pool
	at redis.clients.util.Pool.getResource(Pool.java:22)
	at jobs.QueueSubscriberJob.doJob(QueueSubscriberJob.java:32)
	at play.jobs.Job.doJobWithResult(Job.java:50)
	at play.jobs.Job.call(Job.java:146)
	... 7 more
Caused by: redis.clients.jedis.exceptions.JedisConnectionException: java.net.ConnectException: Connection refused: connect
	at redis.clients.jedis.Connection.connect(Connection.java:134)
	at redis.clients.jedis.BinaryClient.connect(BinaryClient.java:69)
	at redis.clients.jedis.BinaryJedis.connect(BinaryJedis.java:1665)
	at redis.clients.jedis.JedisPool$JedisFactory.makeObject(JedisPool.java:72)
	at org.apache.commons.pool.impl.GenericObjectPool.borrowObject(GenericObjectPool.java:1148)
	at redis.clients.util.Pool.getResource(Pool.java:20)
	... 10 more
Caused by: java.net.ConnectException: Connection refused: connect
	at java.net.PlainSocketImpl.socketConnect(Native Method)
	at java.net.PlainSocketImpl.doConnect(PlainSocketImpl.java:351)
	at java.net.PlainSocketImpl.connectToAddress(PlainSocketImpl.java:213)
	at java.net.PlainSocketImpl.connect(PlainSocketImpl.java:200)
	at java.net.SocksSocketImpl.connect(SocksSocketImpl.java:366)
	at java.net.Socket.connect(Socket.java:529)
	at redis.clients.jedis.Connection.connect(Connection.java:129)
	... 15 more
13:07:49,978 ERROR ~ Error in RabbitMQClient while creating Client - java.net.ConnectException: Connection refused: connect
13:07:49,978 ERROR ~ Error in RabbitMessageListenerJob: Unable to find channel
13:08:15,427 INFO  ~ Loading TrafficGraph: data/graphs/nyc/
13:08:20,859 INFO  ~ 97710 TrafficEdges...
13:08:20,899 INFO  ~ Indexing trip lines...
13:08:23,430 INFO  ~ connecting ws.
